2018-06-29 12:34:33,523 INFO  com.aop.AopModuleApplication : Starting AopModuleApplication on contus-OptiPlex-15 with PID 15397 (/home/user/UserInterface/AopModule/target/classes started by user in /home/user/UserInterface/AopModule)
2018-06-29 12:34:33,525 INFO  com.aop.AopModuleApplication : No active profile set, falling back to default profiles: default
2018-06-29 12:34:33,548 INFO  org.springframework.boot.web.servlet.context.AnnotationConfigServletWebServerApplicationContext : Refreshing org.springframework.boot.web.servlet.context.AnnotationConfigServletWebServerApplicationContext@5276e6b0: startup date [Fri Jun 29 12:34:33 IST 2018]; root of context hierarchy
2018-06-29 12:34:34,102 INFO  org.springframework.context.support.PostProcessorRegistrationDelegate$BeanPostProcessorChecker : Bean 'org.springframework.transaction.annotation.ProxyTransactionManagementConfiguration' of type [org.springframework.transaction.annotation.ProxyTransactionManagementConfiguration$$EnhancerBySpringCGLIB$$3f1cf2aa] is not eligible for getting processed by all BeanPostProcessors (for example: not eligible for auto-proxying)
2018-06-29 12:34:34,316 INFO  org.springframework.boot.web.embedded.tomcat.TomcatWebServer : Tomcat initialized with port(s): 7089 (http)
2018-06-29 12:34:34,326 INFO  org.apache.catalina.core.StandardService : Starting service [Tomcat]
2018-06-29 12:34:34,327 INFO  org.apache.catalina.core.StandardEngine : Starting Servlet Engine: Apache Tomcat/8.5.31
2018-06-29 12:34:34,329 INFO  org.apache.catalina.core.AprLifecycleListener : The APR based Apache Tomcat Native library which allows optimal performance in production environments was not found on the java.library.path: [/usr/java/packages/lib/amd64:/usr/lib/x86_64-linux-gnu/jni:/lib/x86_64-linux-gnu:/usr/lib/x86_64-linux-gnu:/usr/lib/jni:/lib:/usr/lib]
2018-06-29 12:34:34,363 INFO  org.apache.catalina.core.ContainerBase.[Tomcat].[localhost].[/] : Initializing Spring embedded WebApplicationContext
2018-06-29 12:34:34,363 INFO  org.springframework.web.context.ContextLoader : Root WebApplicationContext: initialization completed in 815 ms
2018-06-29 12:34:34,446 INFO  org.springframework.boot.web.servlet.ServletRegistrationBean : Servlet dispatcherServlet mapped to [/]
2018-06-29 12:34:34,448 INFO  org.springframework.boot.web.servlet.FilterRegistrationBean : Mapping filter: 'characterEncodingFilter' to: [/*]
2018-06-29 12:34:34,448 INFO  org.springframework.boot.web.servlet.FilterRegistrationBean : Mapping filter: 'hiddenHttpMethodFilter' to: [/*]
2018-06-29 12:34:34,448 INFO  org.springframework.boot.web.servlet.FilterRegistrationBean : Mapping filter: 'httpPutFormContentFilter' to: [/*]
2018-06-29 12:34:34,448 INFO  org.springframework.boot.web.servlet.FilterRegistrationBean : Mapping filter: 'requestContextFilter' to: [/*]
2018-06-29 12:34:34,550 INFO  org.springframework.orm.jpa.LocalContainerEntityManagerFactoryBean : Building JPA container EntityManagerFactory for persistence unit 'default'
2018-06-29 12:34:34,558 INFO  org.hibernate.jpa.internal.util.LogHelper : HHH000204: Processing PersistenceUnitInfo [
	name: default
	...]
2018-06-29 12:34:34,587 INFO  org.hibernate.Version : HHH000412: Hibernate Core {5.2.17.Final}
2018-06-29 12:34:34,587 INFO  org.hibernate.cfg.Environment : HHH000206: hibernate.properties not found
2018-06-29 12:34:34,603 INFO  org.hibernate.annotations.common.Version : HCANN000001: Hibernate Commons Annotations {5.0.1.Final}
2018-06-29 12:34:34,687 INFO  org.hibernate.dialect.Dialect : HHH000400: Using dialect: org.hibernate.dialect.PostgreSQL94Dialect
2018-06-29 12:34:34,694 INFO  org.hibernate.engine.jdbc.env.internal.LobCreatorBuilderImpl : HHH000422: Disabling contextual LOB creation as connection was null
2018-06-29 12:34:34,695 INFO  org.hibernate.type.BasicTypeRegistry : HHH000270: Type registration [java.util.UUID] overrides previous : org.hibernate.type.UUIDBinaryType@100c567f
2018-06-29 12:34:34,872 INFO  com.zaxxer.hikari.HikariDataSource : HikariPool-1 - Starting...
2018-06-29 12:34:34,907 INFO  com.zaxxer.hikari.HikariDataSource : HikariPool-1 - Start completed.
2018-06-29 12:34:34,947 INFO  org.springframework.orm.jpa.LocalContainerEntityManagerFactoryBean : Initialized JPA EntityManagerFactory for persistence unit 'default'
2018-06-29 12:34:35,231 INFO  org.springframework.web.servlet.handler.SimpleUrlHandlerMapping : Mapped URL path [/**/favicon.ico] onto handler of type [class org.springframework.web.servlet.resource.ResourceHttpRequestHandler]
2018-06-29 12:34:35,448 INFO  org.springframework.web.servlet.mvc.method.annotation.RequestMappingHandlerAdapter : Looking for @ControllerAdvice: org.springframework.boot.web.servlet.context.AnnotationConfigServletWebServerApplicationContext@5276e6b0: startup date [Fri Jun 29 12:34:33 IST 2018]; root of context hierarchy
2018-06-29 12:34:35,469 WARN  org.springframework.boot.autoconfigure.orm.jpa.JpaBaseConfiguration$JpaWebConfiguration$JpaWebMvcConfiguration : spring.jpa.open-in-view is enabled by default. Therefore, database queries may be performed during view rendering. Explicitly configure spring.jpa.open-in-view to disable this warning
2018-06-29 12:34:35,489 INFO  org.springframework.web.servlet.mvc.method.annotation.RequestMappingHandlerMapping : Mapped "{[/reg || /user/{userId}],methods=[POST]}" onto public com.aop.response.Response<com.aop.dto.UserRegDto> com.aop.controller.UserController.createUser(com.aop.dto.UserDto,java.lang.Integer)
2018-06-29 12:34:35,491 INFO  org.springframework.web.servlet.mvc.method.annotation.RequestMappingHandlerMapping : Mapped "{[/error],produces=[text/html]}" onto public org.springframework.web.servlet.ModelAndView org.springframework.boot.autoconfigure.web.servlet.error.BasicErrorController.errorHtml(javax.servlet.http.HttpServletRequest,javax.servlet.http.HttpServletResponse)
2018-06-29 12:34:35,491 INFO  org.springframework.web.servlet.mvc.method.annotation.RequestMappingHandlerMapping : Mapped "{[/error]}" onto public org.springframework.http.ResponseEntity<java.util.Map<java.lang.String, java.lang.Object>> org.springframework.boot.autoconfigure.web.servlet.error.BasicErrorController.error(javax.servlet.http.HttpServletRequest)
2018-06-29 12:34:35,521 INFO  org.springframework.web.servlet.handler.SimpleUrlHandlerMapping : Mapped URL path [/webjars/**] onto handler of type [class org.springframework.web.servlet.resource.ResourceHttpRequestHandler]
2018-06-29 12:34:35,521 INFO  org.springframework.web.servlet.handler.SimpleUrlHandlerMapping : Mapped URL path [/**] onto handler of type [class org.springframework.web.servlet.resource.ResourceHttpRequestHandler]
2018-06-29 12:34:35,724 INFO  org.springframework.jmx.export.annotation.AnnotationMBeanExporter : Registering beans for JMX exposure on startup
2018-06-29 12:34:35,725 INFO  org.springframework.jmx.export.annotation.AnnotationMBeanExporter : Bean with name 'dataSource' has been autodetected for JMX exposure
2018-06-29 12:34:35,728 INFO  org.springframework.jmx.export.annotation.AnnotationMBeanExporter : Located MBean 'dataSource': registering with JMX server as MBean [com.zaxxer.hikari:name=dataSource,type=HikariDataSource]
2018-06-29 12:34:35,744 INFO  org.springframework.boot.web.embedded.tomcat.TomcatWebServer : Tomcat started on port(s): 7089 (http) with context path ''
2018-06-29 12:34:35,746 INFO  com.aop.AopModuleApplication : Started AopModuleApplication in 2.404 seconds (JVM running for 2.661)
2018-06-29 12:34:39,400 INFO  org.apache.catalina.core.ContainerBase.[Tomcat].[localhost].[/] : Initializing Spring FrameworkServlet 'dispatcherServlet'
2018-06-29 12:34:39,400 INFO  org.springframework.web.servlet.DispatcherServlet : FrameworkServlet 'dispatcherServlet': initialization started
2018-06-29 12:34:39,411 INFO  org.springframework.web.servlet.DispatcherServlet : FrameworkServlet 'dispatcherServlet': initialization completed in 11 ms
2018-06-29 12:35:36,976 INFO  org.springframework.boot.admin.SpringApplicationAdminMXBeanRegistrar$SpringApplicationAdmin : Application shutdown requested.
2018-06-29 12:35:36,976 INFO  org.springframework.boot.web.servlet.context.AnnotationConfigServletWebServerApplicationContext : Closing org.springframework.boot.web.servlet.context.AnnotationConfigServletWebServerApplicationContext@5276e6b0: startup date [Fri Jun 29 12:34:33 IST 2018]; root of context hierarchy
2018-06-29 12:35:36,977 INFO  org.springframework.jmx.export.annotation.AnnotationMBeanExporter : Unregistering JMX-exposed beans on shutdown
2018-06-29 12:35:36,978 INFO  org.springframework.jmx.export.annotation.AnnotationMBeanExporter : Unregistering JMX-exposed beans
2018-06-29 12:35:36,978 INFO  org.springframework.orm.jpa.LocalContainerEntityManagerFactoryBean : Closing JPA EntityManagerFactory for persistence unit 'default'
2018-06-29 12:35:36,979 INFO  com.zaxxer.hikari.HikariDataSource : HikariPool-1 - Shutdown initiated...
2018-06-29 12:35:36,982 INFO  com.zaxxer.hikari.HikariDataSource : HikariPool-1 - Shutdown completed.
2018-06-29 12:35:43,415 INFO  com.aop.AopModuleApplication : Starting AopModuleApplication on contus-OptiPlex-15 with PID 15549 (/home/user/UserInterface/AopModule/target/classes started by user in /home/user/UserInterface/AopModule)
2018-06-29 12:35:43,417 INFO  com.aop.AopModuleApplication : No active profile set, falling back to default profiles: default
2018-06-29 12:35:43,440 INFO  org.springframework.boot.web.servlet.context.AnnotationConfigServletWebServerApplicationContext : Refreshing org.springframework.boot.web.servlet.context.AnnotationConfigServletWebServerApplicationContext@60dcc9fe: startup date [Fri Jun 29 12:35:43 IST 2018]; root of context hierarchy
2018-06-29 12:35:43,993 INFO  org.springframework.context.support.PostProcessorRegistrationDelegate$BeanPostProcessorChecker : Bean 'org.springframework.transaction.annotation.ProxyTransactionManagementConfiguration' of type [org.springframework.transaction.annotation.ProxyTransactionManagementConfiguration$$EnhancerBySpringCGLIB$$45e47f37] is not eligible for getting processed by all BeanPostProcessors (for example: not eligible for auto-proxying)
2018-06-29 12:35:44,215 INFO  org.springframework.boot.web.embedded.tomcat.TomcatWebServer : Tomcat initialized with port(s): 7089 (http)
2018-06-29 12:35:44,226 INFO  org.apache.catalina.core.StandardService : Starting service [Tomcat]
2018-06-29 12:35:44,226 INFO  org.apache.catalina.core.StandardEngine : Starting Servlet Engine: Apache Tomcat/8.5.31
2018-06-29 12:35:44,229 INFO  org.apache.catalina.core.AprLifecycleListener : The APR based Apache Tomcat Native library which allows optimal performance in production environments was not found on the java.library.path: [/usr/java/packages/lib/amd64:/usr/lib/x86_64-linux-gnu/jni:/lib/x86_64-linux-gnu:/usr/lib/x86_64-linux-gnu:/usr/lib/jni:/lib:/usr/lib]
2018-06-29 12:35:44,263 INFO  org.apache.catalina.core.ContainerBase.[Tomcat].[localhost].[/] : Initializing Spring embedded WebApplicationContext
2018-06-29 12:35:44,264 INFO  org.springframework.web.context.ContextLoader : Root WebApplicationContext: initialization completed in 824 ms
2018-06-29 12:35:44,345 INFO  org.springframework.boot.web.servlet.ServletRegistrationBean : Servlet dispatcherServlet mapped to [/]
2018-06-29 12:35:44,347 INFO  org.springframework.boot.web.servlet.FilterRegistrationBean : Mapping filter: 'characterEncodingFilter' to: [/*]
2018-06-29 12:35:44,347 INFO  org.springframework.boot.web.servlet.FilterRegistrationBean : Mapping filter: 'hiddenHttpMethodFilter' to: [/*]
2018-06-29 12:35:44,347 INFO  org.springframework.boot.web.servlet.FilterRegistrationBean : Mapping filter: 'httpPutFormContentFilter' to: [/*]
2018-06-29 12:35:44,347 INFO  org.springframework.boot.web.servlet.FilterRegistrationBean : Mapping filter: 'requestContextFilter' to: [/*]
2018-06-29 12:35:44,452 INFO  org.springframework.orm.jpa.LocalContainerEntityManagerFactoryBean : Building JPA container EntityManagerFactory for persistence unit 'default'
2018-06-29 12:35:44,458 INFO  org.hibernate.jpa.internal.util.LogHelper : HHH000204: Processing PersistenceUnitInfo [
	name: default
	...]
2018-06-29 12:35:44,487 INFO  org.hibernate.Version : HHH000412: Hibernate Core {5.2.17.Final}
2018-06-29 12:35:44,487 INFO  org.hibernate.cfg.Environment : HHH000206: hibernate.properties not found
2018-06-29 12:35:44,505 INFO  org.hibernate.annotations.common.Version : HCANN000001: Hibernate Commons Annotations {5.0.1.Final}
2018-06-29 12:35:44,589 INFO  org.hibernate.dialect.Dialect : HHH000400: Using dialect: org.hibernate.dialect.PostgreSQL94Dialect
2018-06-29 12:35:44,597 INFO  org.hibernate.engine.jdbc.env.internal.LobCreatorBuilderImpl : HHH000422: Disabling contextual LOB creation as connection was null
2018-06-29 12:35:44,598 INFO  org.hibernate.type.BasicTypeRegistry : HHH000270: Type registration [java.util.UUID] overrides previous : org.hibernate.type.UUIDBinaryType@6be7bf6d
2018-06-29 12:35:44,776 INFO  com.zaxxer.hikari.HikariDataSource : HikariPool-1 - Starting...
2018-06-29 12:35:44,811 INFO  com.zaxxer.hikari.HikariDataSource : HikariPool-1 - Start completed.
2018-06-29 12:35:44,853 INFO  org.springframework.orm.jpa.LocalContainerEntityManagerFactoryBean : Initialized JPA EntityManagerFactory for persistence unit 'default'
2018-06-29 12:35:45,142 INFO  org.springframework.web.servlet.handler.SimpleUrlHandlerMapping : Mapped URL path [/**/favicon.ico] onto handler of type [class org.springframework.web.servlet.resource.ResourceHttpRequestHandler]
2018-06-29 12:35:45,359 INFO  org.springframework.web.servlet.mvc.method.annotation.RequestMappingHandlerAdapter : Looking for @ControllerAdvice: org.springframework.boot.web.servlet.context.AnnotationConfigServletWebServerApplicationContext@60dcc9fe: startup date [Fri Jun 29 12:35:43 IST 2018]; root of context hierarchy
2018-06-29 12:35:45,380 WARN  org.springframework.boot.autoconfigure.orm.jpa.JpaBaseConfiguration$JpaWebConfiguration$JpaWebMvcConfiguration : spring.jpa.open-in-view is enabled by default. Therefore, database queries may be performed during view rendering. Explicitly configure spring.jpa.open-in-view to disable this warning
2018-06-29 12:35:45,399 INFO  org.springframework.web.servlet.mvc.method.annotation.RequestMappingHandlerMapping : Mapped "{[/reg || /user/{userId}],methods=[POST]}" onto public com.aop.response.Response<com.aop.dto.UserRegDto> com.aop.controller.UserController.createUser(com.aop.dto.UserDto,java.lang.Integer)
2018-06-29 12:35:45,401 INFO  org.springframework.web.servlet.mvc.method.annotation.RequestMappingHandlerMapping : Mapped "{[/error],produces=[text/html]}" onto public org.springframework.web.servlet.ModelAndView org.springframework.boot.autoconfigure.web.servlet.error.BasicErrorController.errorHtml(javax.servlet.http.HttpServletRequest,javax.servlet.http.HttpServletResponse)
2018-06-29 12:35:45,401 INFO  org.springframework.web.servlet.mvc.method.annotation.RequestMappingHandlerMapping : Mapped "{[/error]}" onto public org.springframework.http.ResponseEntity<java.util.Map<java.lang.String, java.lang.Object>> org.springframework.boot.autoconfigure.web.servlet.error.BasicErrorController.error(javax.servlet.http.HttpServletRequest)
2018-06-29 12:35:45,430 INFO  org.springframework.web.servlet.handler.SimpleUrlHandlerMapping : Mapped URL path [/webjars/**] onto handler of type [class org.springframework.web.servlet.resource.ResourceHttpRequestHandler]
2018-06-29 12:35:45,431 INFO  org.springframework.web.servlet.handler.SimpleUrlHandlerMapping : Mapped URL path [/**] onto handler of type [class org.springframework.web.servlet.resource.ResourceHttpRequestHandler]
2018-06-29 12:35:45,632 INFO  org.springframework.jmx.export.annotation.AnnotationMBeanExporter : Registering beans for JMX exposure on startup
2018-06-29 12:35:45,633 INFO  org.springframework.jmx.export.annotation.AnnotationMBeanExporter : Bean with name 'dataSource' has been autodetected for JMX exposure
2018-06-29 12:35:45,637 INFO  org.springframework.jmx.export.annotation.AnnotationMBeanExporter : Located MBean 'dataSource': registering with JMX server as MBean [com.zaxxer.hikari:name=dataSource,type=HikariDataSource]
2018-06-29 12:35:45,653 INFO  org.springframework.boot.web.embedded.tomcat.TomcatWebServer : Tomcat started on port(s): 7089 (http) with context path ''
2018-06-29 12:35:45,655 INFO  com.aop.AopModuleApplication : Started AopModuleApplication in 2.408 seconds (JVM running for 2.664)
2018-06-29 12:35:48,715 INFO  org.apache.catalina.core.ContainerBase.[Tomcat].[localhost].[/] : Initializing Spring FrameworkServlet 'dispatcherServlet'
2018-06-29 12:35:48,716 INFO  org.springframework.web.servlet.DispatcherServlet : FrameworkServlet 'dispatcherServlet': initialization started
2018-06-29 12:35:48,726 INFO  org.springframework.web.servlet.DispatcherServlet : FrameworkServlet 'dispatcherServlet': initialization completed in 10 ms
2018-06-29 12:35:48,792 INFO  com.aop.log.UserAudit : >>>>>>>>>>>>>>>>>>>>>>>>>>>>>>>>>>>>>>>>>>>>>>>>>>>>>>>
2018-06-29 12:35:48,792 INFO  com.aop.log.UserAudit : createUser method called by userId 25
2018-06-29 12:35:48,811 INFO  com.aop.log.UserAudit : StopWatch 'com.aop.service.UserService': running time (millis) = 18
-----------------------------------------
ms     %     Task name
-----------------------------------------
00018  100%  createUser

2018-06-29 12:35:48,811 INFO  com.aop.log.UserAudit : user jagan mohan created by user 25
2018-06-29 12:35:48,811 INFO  com.aop.log.UserAudit : user jagan mohan created by id 48
2018-06-29 12:35:48,811 INFO  com.aop.log.UserAudit : user jagan mohan created successfully
2018-06-29 12:35:48,811 INFO  com.aop.log.UserAudit : >>>>>>>>>>>>>>>>>>>>>>>>>>>>>>>>>>>>>>>>>>>>>>>>>>>>>>>
2018-06-29 12:36:24,101 INFO  org.springframework.boot.admin.SpringApplicationAdminMXBeanRegistrar$SpringApplicationAdmin : Application shutdown requested.
2018-06-29 12:36:24,102 INFO  org.springframework.boot.web.servlet.context.AnnotationConfigServletWebServerApplicationContext : Closing org.springframework.boot.web.servlet.context.AnnotationConfigServletWebServerApplicationContext@60dcc9fe: startup date [Fri Jun 29 12:35:43 IST 2018]; root of context hierarchy
2018-06-29 12:36:24,103 INFO  org.springframework.jmx.export.annotation.AnnotationMBeanExporter : Unregistering JMX-exposed beans on shutdown
2018-06-29 12:36:24,103 INFO  org.springframework.jmx.export.annotation.AnnotationMBeanExporter : Unregistering JMX-exposed beans
2018-06-29 12:36:24,104 INFO  org.springframework.orm.jpa.LocalContainerEntityManagerFactoryBean : Closing JPA EntityManagerFactory for persistence unit 'default'
2018-06-29 12:36:24,105 INFO  com.zaxxer.hikari.HikariDataSource : HikariPool-1 - Shutdown initiated...
2018-06-29 12:36:24,108 INFO  com.zaxxer.hikari.HikariDataSource : HikariPool-1 - Shutdown completed.
